<?xml version="1.0" encoding="UTF-8"?>
<testsuite name="org.douggschwind.games.boardgames.monopoly.actioncard.DeckFactoryTest" tests="2" skipped="0" failures="0" errors="0" timestamp="2023-12-20T12:31:02" hostname="LAPTOP-BQDEDG3J" time="0.042">
  <properties/>
  <testcase name="testChanceDeck()" classname="org.douggschwind.games.boardgames.monopoly.actioncard.DeckFactoryTest" time="0.029"/>
  <testcase name="testCommunityChestDeck()" classname="org.douggschwind.games.boardgames.monopoly.actioncard.DeckFactoryTest" time="0.009"/>
  <system-out><![CDATA[]]></system-out>
  <system-err><![CDATA[]]></system-err>
</testsuite>
