<?xml version="1.0" encoding="UTF-8"?>
<testsuite name="org.douggschwind.games.cardgames.poker.WesternTestThreePlayers" tests="12" skipped="0" failures="0" errors="0" timestamp="2023-12-20T12:31:02" hostname="LAPTOP-BQDEDG3J" time="0.07">
  <properties/>
  <testcase name="testDetermineWinnersTwoMatchingStraightFlushHands()" classname="org.douggschwind.games.cardgames.poker.WesternTestThreePlayers" time="0.005"/>
  <testcase name="testDetermineWinnersThreeVeryCloseHighCardHands()" classname="org.douggschwind.games.cardgames.poker.WesternTestThreePlayers" time="0.004"/>
  <testcase name="testDetermineWinnersTwoMatchingRoyalFlushHands()" classname="org.douggschwind.games.cardgames.poker.WesternTestThreePlayers" time="0.003"/>
  <testcase name="testDetermineWinnersThreeMatchingStraightFlushHands()" classname="org.douggschwind.games.cardgames.poker.WesternTestThreePlayers" time="0.002"/>
  <testcase name="testDetermineWinnersThreeMatchingRoyalFlushHands()" classname="org.douggschwind.games.cardgames.poker.WesternTestThreePlayers" time="0.002"/>
  <testcase name="testDetermineWinnersThreeMatchingHighCardHands()" classname="org.douggschwind.games.cardgames.poker.WesternTestThreePlayers" time="0.006"/>
  <testcase name="testDetermineWinnersAllFullHouseHands()" classname="org.douggschwind.games.cardgames.poker.WesternTestThreePlayers" time="0.002"/>
  <testcase name="testDetermineWinnersAscendingStrengthHands()" classname="org.douggschwind.games.cardgames.poker.WesternTestThreePlayers" time="0.003"/>
  <testcase name="testDetermineWinnersThreeVeryCloseFlushHands()" classname="org.douggschwind.games.cardgames.poker.WesternTestThreePlayers" time="0.003"/>
  <testcase name="testDetermineWinnersAllFourOfAKindHands()" classname="org.douggschwind.games.cardgames.poker.WesternTestThreePlayers" time="0.002"/>
  <testcase name="testDetermineWinnersDescendingStrengthHands()" classname="org.douggschwind.games.cardgames.poker.WesternTestThreePlayers" time="0.002"/>
  <testcase name="testDetermineWinnersThreeMatchingFlushHands()" classname="org.douggschwind.games.cardgames.poker.WesternTestThreePlayers" time="0.004"/>
  <system-out><![CDATA[]]></system-out>
  <system-err><![CDATA[]]></system-err>
</testsuite>
