<?xml version="1.0" encoding="UTF-8"?>
<testsuite name="org.douggschwind.games.boardgames.monopoly.PlayerTest" tests="6" skipped="0" failures="0" errors="0" timestamp="2023-12-20T12:31:02" hostname="LAPTOP-BQDEDG3J" time="0.184">
  <properties/>
  <testcase name="testReceivePayment()" classname="org.douggschwind.games.boardgames.monopoly.PlayerTest" time="0.09"/>
  <testcase name="testAcceptOwnership()" classname="org.douggschwind.games.boardgames.monopoly.PlayerTest" time="0.062"/>
  <testcase name="testInitialBankAccountBalance()" classname="org.douggschwind.games.boardgames.monopoly.PlayerTest" time="0.005"/>
  <testcase name="testCanPayBillWithCash()" classname="org.douggschwind.games.boardgames.monopoly.PlayerTest" time="0.002"/>
  <testcase name="testMakePayment()" classname="org.douggschwind.games.boardgames.monopoly.PlayerTest" time="0.002"/>
  <testcase name="testRollDice()" classname="org.douggschwind.games.boardgames.monopoly.PlayerTest" time="0.008"/>
  <system-out><![CDATA[]]></system-out>
  <system-err><![CDATA[]]></system-err>
</testsuite>
