<?xml version="1.0" encoding="UTF-8"?>
<testsuite name="org.douggschwind.games.chess.ChessBoardTest" tests="7" skipped="0" failures="0" errors="0" timestamp="2023-12-20T12:31:03" hostname="LAPTOP-BQDEDG3J" time="0.104">
  <properties/>
  <testcase name="testCanMoveFrom()" classname="org.douggschwind.games.chess.ChessBoardTest" time="0.055"/>
  <testcase name="testQueenSideCastling()" classname="org.douggschwind.games.chess.ChessBoardTest" time="0.012"/>
  <testcase name="testCanMoveToStartOfGame()" classname="org.douggschwind.games.chess.ChessBoardTest" time="0.01"/>
  <testcase name="testEnPassantToLeft()" classname="org.douggschwind.games.chess.ChessBoardTest" time="0.004"/>
  <testcase name="testStartOfGameSetup()" classname="org.douggschwind.games.chess.ChessBoardTest" time="0.003"/>
  <testcase name="testEnPassantToRight()" classname="org.douggschwind.games.chess.ChessBoardTest" time="0.006"/>
  <testcase name="testKingSideCastling()" classname="org.douggschwind.games.chess.ChessBoardTest" time="0.008"/>
  <system-out><![CDATA[]]></system-out>
  <system-err><![CDATA[]]></system-err>
</testsuite>
