<?xml version="1.0" encoding="UTF-8"?>
<testsuite name="org.douggschwind.games.cardgames.common.DeckFactoryTest" tests="2" skipped="0" failures="0" errors="0" timestamp="2023-12-20T12:31:02" hostname="LAPTOP-BQDEDG3J" time="0.03">
  <properties/>
  <testcase name="testStandardDeck()" classname="org.douggschwind.games.cardgames.common.DeckFactoryTest" time="0.024"/>
  <testcase name="testEuchreDeck()" classname="org.douggschwind.games.cardgames.common.DeckFactoryTest" time="0.003"/>
  <system-out><![CDATA[]]></system-out>
  <system-err><![CDATA[]]></system-err>
</testsuite>
