<?xml version="1.0" encoding="UTF-8"?>
<testsuite name="org.douggschwind.games.chess.SquareTest" tests="1" skipped="0" failures="0" errors="0" timestamp="2023-12-20T12:31:03" hostname="LAPTOP-BQDEDG3J" time="0.013">
  <properties/>
  <testcase name="testEqualsAndHashcode()" classname="org.douggschwind.games.chess.SquareTest" time="0.013"/>
  <system-out><![CDATA[]]></system-out>
  <system-err><![CDATA[]]></system-err>
</testsuite>
