<?xml version="1.0" encoding="UTF-8"?>
<testsuite name="org.douggschwind.games.cardgames.common.PlayerTest" tests="3" skipped="0" failures="0" errors="0" timestamp="2023-12-20T12:31:02" hostname="LAPTOP-BQDEDG3J" time="0.016">
  <properties/>
  <testcase name="testPlayerNotEquals()" classname="org.douggschwind.games.cardgames.common.PlayerTest" time="0.007"/>
  <testcase name="testPlayerEquals()" classname="org.douggschwind.games.cardgames.common.PlayerTest" time="0.001"/>
  <testcase name="testNewHand()" classname="org.douggschwind.games.cardgames.common.PlayerTest" time="0.003"/>
  <system-out><![CDATA[]]></system-out>
  <system-err><![CDATA[]]></system-err>
</testsuite>
